* installing *source* package 'MEAanalysis' ...
** using staged installation
** R
** data
*** moving datasets to lazyload DB
** inst
** byte-compile and prepare package for lazy loading
Warning message:
package 'kableExtra' was built under R version 4.3.3 
** help
*** installing help indices
*** copying figures
** building package indices
** installing vignettes
** testing if installed package can be loaded from temporary location
Warning: package 'kableExtra' was built under R version 4.3.3
** testing if installed package can be loaded from final location
Warning: package 'kableExtra' was built under R version 4.3.3
** testing if installed package keeps a record of temporary installation path
* DONE (MEAanalysis)
