--- re-building 'MEA_single_electrode_barchart.Rmd' using rmarkdown

Quitting from lines 40-45 [unnamed-chunk-2] (MEA_single_electrode_barchart.Rmd)
Error: processing vignette 'MEA_single_electrode_barchart.Rmd' failed with diagnostics:
'data-raw/input_electrode_burst.csv' does not exist in current working directory ('C:/Users/Emily Gordon/OneDrive - Nexus365/DPhil OXION/DB Rotation/Github Repository/MEA-analysis-package/MEAanalysis.Rcheck/vign_test/MEAanalysis').
--- failed re-building 'MEA_single_electrode_barchart.Rmd'

--- re-building 'MEA_synchrony_index_heatmap.Rmd' using rmarkdown

Quitting from lines 43-48 [unnamed-chunk-2] (MEA_synchrony_index_heatmap.Rmd)
Error: processing vignette 'MEA_synchrony_index_heatmap.Rmd' failed with diagnostics:
'data-raw/input_neuralMetric.csv' does not exist in current working directory ('C:/Users/Emily Gordon/OneDrive - Nexus365/DPhil OXION/DB Rotation/Github Repository/MEA-analysis-package/MEAanalysis.Rcheck/vign_test/MEAanalysis').
--- failed re-building 'MEA_synchrony_index_heatmap.Rmd'

--- re-building 'MEA_well_barchart.Rmd' using rmarkdown

Quitting from lines 40-45 [unnamed-chunk-2] (MEA_well_barchart.Rmd)
Error: processing vignette 'MEA_well_barchart.Rmd' failed with diagnostics:
'data-raw/input_electrode_burst.csv' does not exist in current working directory ('C:/Users/Emily Gordon/OneDrive - Nexus365/DPhil OXION/DB Rotation/Github Repository/MEA-analysis-package/MEAanalysis.Rcheck/vign_test/MEAanalysis').
--- failed re-building 'MEA_well_barchart.Rmd'

SUMMARY: processing the following files failed:
  'MEA_single_electrode_barchart.Rmd' 'MEA_synchrony_index_heatmap.Rmd'
  'MEA_well_barchart.Rmd'

Error: Vignette re-building failed.
Execution halted
